[2021-08-19 11:11:42Z INFO HostContext] No proxy settings were found based on environmental variables (http_proxy/https_proxy/HTTP_PROXY/HTTPS_PROXY)
[2021-08-19 11:11:42Z INFO HostContext] Well known directory 'Bin': '/home/ubuntu/simple-fortune-cookie/actions-runner/bin'
[2021-08-19 11:11:42Z INFO HostContext] Well known directory 'Root': '/home/ubuntu/simple-fortune-cookie/actions-runner'
[2021-08-19 11:11:42Z INFO HostContext] Well known config file 'Credentials': '/home/ubuntu/simple-fortune-cookie/actions-runner/.credentials'
[2021-08-19 11:11:42Z INFO Listener] Runner is built for Linux (X64) - linux-x64.
[2021-08-19 11:11:42Z INFO Listener] RuntimeInformation: Linux 5.8.0-1038-gcp #40~20.04.1-Ubuntu SMP Thu Jul 15 11:55:03 UTC 2021.
[2021-08-19 11:11:42Z INFO Listener] Version: 2.280.2
[2021-08-19 11:11:42Z INFO Listener] Commit: ccafb91bfbcee5bed530aa82a1a0381b2c8f260c
[2021-08-19 11:11:42Z INFO Listener] Culture: 
[2021-08-19 11:11:42Z INFO Listener] UI Culture: 
[2021-08-19 11:11:42Z INFO HostContext] Well known directory 'Bin': '/home/ubuntu/simple-fortune-cookie/actions-runner/bin'
[2021-08-19 11:11:42Z INFO HostContext] Well known directory 'Root': '/home/ubuntu/simple-fortune-cookie/actions-runner'
[2021-08-19 11:11:42Z INFO Listener] Validating directory permissions for: '/home/ubuntu/simple-fortune-cookie/actions-runner'
[2021-08-19 11:11:42Z INFO CommandLineParser] Parse
[2021-08-19 11:11:42Z INFO CommandLineParser] Parsing 5 args
[2021-08-19 11:11:42Z INFO CommandLineParser] parsing argument
[2021-08-19 11:11:42Z INFO CommandLineParser] HasArgs: False
[2021-08-19 11:11:42Z INFO CommandLineParser] Adding Command: configure
[2021-08-19 11:11:42Z INFO CommandLineParser] parsing argument
[2021-08-19 11:11:42Z INFO CommandLineParser] HasArgs: True
[2021-08-19 11:11:42Z INFO CommandLineParser] arg: url
[2021-08-19 11:11:42Z INFO CommandLineParser] parsing argument
[2021-08-19 11:11:42Z INFO CommandLineParser] HasArgs: True
[2021-08-19 11:11:42Z INFO CommandLineParser] Adding option 'url': 'https://github.com/TurtlePriest/simple-fortune-cookie'
[2021-08-19 11:11:42Z INFO CommandLineParser] parsing argument
[2021-08-19 11:11:42Z INFO CommandLineParser] HasArgs: True
[2021-08-19 11:11:42Z INFO CommandLineParser] arg: token
[2021-08-19 11:11:42Z INFO CommandLineParser] parsing argument
[2021-08-19 11:11:42Z INFO CommandLineParser] HasArgs: True
[2021-08-19 11:11:42Z INFO CommandLineParser] Adding option 'token': '***'
[2021-08-19 11:11:42Z INFO Listener] Arguments parsed
[2021-08-19 11:11:42Z INFO Runner] ExecuteCommand
[2021-08-19 11:11:42Z INFO ConfigurationStore] currentAssemblyLocation: /home/ubuntu/simple-fortune-cookie/actions-runner/bin/Runner.Listener.dll
[2021-08-19 11:11:42Z INFO HostContext] Well known directory 'Bin': '/home/ubuntu/simple-fortune-cookie/actions-runner/bin'
[2021-08-19 11:11:42Z INFO ConfigurationStore] binPath: /home/ubuntu/simple-fortune-cookie/actions-runner/bin
[2021-08-19 11:11:42Z INFO HostContext] Well known directory 'Bin': '/home/ubuntu/simple-fortune-cookie/actions-runner/bin'
[2021-08-19 11:11:42Z INFO HostContext] Well known directory 'Root': '/home/ubuntu/simple-fortune-cookie/actions-runner'
[2021-08-19 11:11:42Z INFO ConfigurationStore] RootFolder: /home/ubuntu/simple-fortune-cookie/actions-runner
[2021-08-19 11:11:42Z INFO HostContext] Well known directory 'Bin': '/home/ubuntu/simple-fortune-cookie/actions-runner/bin'
[2021-08-19 11:11:42Z INFO HostContext] Well known directory 'Root': '/home/ubuntu/simple-fortune-cookie/actions-runner'
[2021-08-19 11:11:42Z INFO HostContext] Well known config file 'Runner': '/home/ubuntu/simple-fortune-cookie/actions-runner/.runner'
[2021-08-19 11:11:42Z INFO ConfigurationStore] ConfigFilePath: /home/ubuntu/simple-fortune-cookie/actions-runner/.runner
[2021-08-19 11:11:42Z INFO HostContext] Well known directory 'Bin': '/home/ubuntu/simple-fortune-cookie/actions-runner/bin'
[2021-08-19 11:11:42Z INFO HostContext] Well known directory 'Root': '/home/ubuntu/simple-fortune-cookie/actions-runner'
[2021-08-19 11:11:42Z INFO HostContext] Well known config file 'Credentials': '/home/ubuntu/simple-fortune-cookie/actions-runner/.credentials'
[2021-08-19 11:11:42Z INFO ConfigurationStore] CredFilePath: /home/ubuntu/simple-fortune-cookie/actions-runner/.credentials
[2021-08-19 11:11:42Z INFO HostContext] Well known directory 'Bin': '/home/ubuntu/simple-fortune-cookie/actions-runner/bin'
[2021-08-19 11:11:42Z INFO HostContext] Well known directory 'Root': '/home/ubuntu/simple-fortune-cookie/actions-runner'
[2021-08-19 11:11:42Z INFO HostContext] Well known config file 'MigratedCredentials': '/home/ubuntu/simple-fortune-cookie/actions-runner/.credentials_migrated'
[2021-08-19 11:11:42Z INFO ConfigurationStore] MigratedCredFilePath: /home/ubuntu/simple-fortune-cookie/actions-runner/.credentials_migrated
[2021-08-19 11:11:42Z INFO HostContext] Well known directory 'Bin': '/home/ubuntu/simple-fortune-cookie/actions-runner/bin'
[2021-08-19 11:11:42Z INFO HostContext] Well known directory 'Root': '/home/ubuntu/simple-fortune-cookie/actions-runner'
[2021-08-19 11:11:42Z INFO HostContext] Well known config file 'Service': '/home/ubuntu/simple-fortune-cookie/actions-runner/.service'
[2021-08-19 11:11:42Z INFO ConfigurationStore] ServiceConfigFilePath: /home/ubuntu/simple-fortune-cookie/actions-runner/.service
[2021-08-19 11:11:42Z INFO CommandSettings] Flag 'help': 'False'
[2021-08-19 11:11:42Z INFO CommandSettings] Flag 'version': 'False'
[2021-08-19 11:11:42Z INFO CommandSettings] Flag 'commit': 'False'
[2021-08-19 11:11:42Z INFO CommandSettings] Flag 'check': 'False'
[2021-08-19 11:11:42Z INFO CommandSettings] Command 'configure': 'True'
[2021-08-19 11:11:42Z INFO Terminal] WRITE LINE: 
[2021-08-19 11:11:42Z INFO Terminal] WRITE LINE: --------------------------------------------------------------------------------
[2021-08-19 11:11:42Z INFO Terminal] WRITE LINE: |        ____ _ _   _   _       _          _        _   _                      |
[2021-08-19 11:11:42Z INFO Terminal] WRITE LINE: |       / ___(_) |_| | | |_   _| |__      / \   ___| |_(_) ___  _ __  ___      |
[2021-08-19 11:11:42Z INFO Terminal] WRITE LINE: |      | |  _| | __| |_| | | | | '_ \    / _ \ / __| __| |/ _ \| '_ \/ __|     |
[2021-08-19 11:11:42Z INFO Terminal] WRITE LINE: |      | |_| | | |_|  _  | |_| | |_) |  / ___ \ (__| |_| | (_) | | | \__ \     |
[2021-08-19 11:11:42Z INFO Terminal] WRITE LINE: |       \____|_|\__|_| |_|\__,_|_.__/  /_/   \_\___|\__|_|\___/|_| |_|___/     |
[2021-08-19 11:11:42Z INFO Terminal] WRITE LINE: |                                                                              |
[2021-08-19 11:11:42Z INFO Terminal] WRITE: |                       
[2021-08-19 11:11:42Z INFO Terminal] WRITE: Self-hosted runner registration
[2021-08-19 11:11:42Z INFO Terminal] WRITE LINE:                         |
[2021-08-19 11:11:42Z INFO Terminal] WRITE LINE: |                                                                              |
[2021-08-19 11:11:42Z INFO Terminal] WRITE LINE: --------------------------------------------------------------------------------
[2021-08-19 11:11:42Z INFO ConfigurationManager] ConfigureAsync
[2021-08-19 11:11:42Z INFO ConfigurationStore] IsConfigured()
[2021-08-19 11:11:42Z INFO ConfigurationStore] IsConfigured: False
[2021-08-19 11:11:42Z INFO ConfigurationManager] Is configured: False
[2021-08-19 11:11:42Z INFO CommandSettings] Arg 'url': 'https://github.com/TurtlePriest/simple-fortune-cookie'
[2021-08-19 11:11:42Z INFO CommandSettings] Remove url from Arg dictionary.
[2021-08-19 11:11:42Z INFO CommandSettings] Arg 'token': '***'
[2021-08-19 11:11:42Z INFO CommandSettings] Remove token from Arg dictionary.
[2021-08-19 11:11:43Z INFO ConfigurationManager] Http response code: OK from 'POST https://api.github.com/actions/runner-registration'
[2021-08-19 11:11:43Z INFO ConfigurationManager] cred retrieved via GitHub auth
[2021-08-19 11:11:43Z INFO RunnerServer] Establish connection with 100 seconds timeout.
[2021-08-19 11:11:43Z INFO GitHubActionsService] Starting operation Location.GetConnectionData
[2021-08-19 11:11:43Z INFO RunnerServer] Establish connection with 60 seconds timeout.
[2021-08-19 11:11:43Z INFO GitHubActionsService] Starting operation Location.GetConnectionData
[2021-08-19 11:11:43Z INFO RunnerServer] Establish connection with 60 seconds timeout.
[2021-08-19 11:11:43Z INFO GitHubActionsService] Starting operation Location.GetConnectionData
[2021-08-19 11:11:44Z INFO GitHubActionsService] Finished operation Location.GetConnectionData
[2021-08-19 11:11:44Z INFO GitHubActionsService] Finished operation Location.GetConnectionData
[2021-08-19 11:11:44Z INFO GitHubActionsService] Finished operation Location.GetConnectionData
[2021-08-19 11:11:44Z INFO Terminal] WRITE LINE: 
[2021-08-19 11:11:44Z INFO ConfigurationManager] Test Connection complete.
[2021-08-19 11:11:44Z INFO HostContext] Well known directory 'Bin': '/home/ubuntu/simple-fortune-cookie/actions-runner/bin'
[2021-08-19 11:11:44Z INFO HostContext] Well known directory 'Root': '/home/ubuntu/simple-fortune-cookie/actions-runner'
[2021-08-19 11:11:44Z INFO HostContext] Well known config file 'RSACredentials': '/home/ubuntu/simple-fortune-cookie/actions-runner/.credentials_rsaparams'
[2021-08-19 11:11:44Z INFO RSAFileKeyManager] Creating new RSA key using 2048-bit key length
[2021-08-19 11:11:44Z INFO RSAFileKeyManager] Successfully saved RSA key parameters to file /home/ubuntu/simple-fortune-cookie/actions-runner/.credentials_rsaparams
[2021-08-19 11:11:44Z INFO RSAFileKeyManager] Which: 'chmod'
[2021-08-19 11:11:44Z INFO RSAFileKeyManager] Location: '/usr/bin/chmod'
[2021-08-19 11:11:44Z INFO HostContext] Well known directory 'Bin': '/home/ubuntu/simple-fortune-cookie/actions-runner/bin'
[2021-08-19 11:11:44Z INFO HostContext] Well known directory 'Root': '/home/ubuntu/simple-fortune-cookie/actions-runner'
[2021-08-19 11:11:44Z INFO ProcessInvokerWrapper] Starting process:
[2021-08-19 11:11:44Z INFO ProcessInvokerWrapper]   File name: '/usr/bin/chmod'
[2021-08-19 11:11:44Z INFO ProcessInvokerWrapper]   Arguments: '600 /home/ubuntu/simple-fortune-cookie/actions-runner/.credentials_rsaparams'
[2021-08-19 11:11:44Z INFO ProcessInvokerWrapper]   Working directory: '/home/ubuntu/simple-fortune-cookie/actions-runner'
[2021-08-19 11:11:44Z INFO ProcessInvokerWrapper]   Require exit code zero: 'False'
[2021-08-19 11:11:44Z INFO ProcessInvokerWrapper]   Encoding web name:  ; code page: ''
[2021-08-19 11:11:44Z INFO ProcessInvokerWrapper]   Force kill process on cancellation: 'False'
[2021-08-19 11:11:44Z INFO ProcessInvokerWrapper]   Redirected STDIN: 'False'
[2021-08-19 11:11:44Z INFO ProcessInvokerWrapper]   Persist current code page: 'False'
[2021-08-19 11:11:44Z INFO ProcessInvokerWrapper]   Keep redirected STDIN open: 'False'
[2021-08-19 11:11:44Z INFO ProcessInvokerWrapper]   High priority process: 'False'
[2021-08-19 11:11:44Z INFO ProcessInvokerWrapper] Updated oom_score_adj to 500 for PID: 113196.
[2021-08-19 11:11:44Z INFO ProcessInvokerWrapper] STDOUT/STDERR stream read finished.
[2021-08-19 11:11:44Z INFO ProcessInvokerWrapper] STDOUT/STDERR stream read finished.
[2021-08-19 11:11:44Z INFO ProcessInvokerWrapper] Process started with process id 113196, waiting for process exit.
[2021-08-19 11:11:44Z INFO ProcessInvokerWrapper] Finished process 113196 with exit code 0, and elapsed time 00:00:00.0082545.
[2021-08-19 11:11:44Z INFO RSAFileKeyManager] Successfully set permissions for RSA key parameters file /home/ubuntu/simple-fortune-cookie/actions-runner/.credentials_rsaparams
[2021-08-19 11:11:44Z INFO CommandSettings] Arg 'runnergroup': ''
[2021-08-19 11:11:44Z INFO CommandSettings] Flag 'unattended': 'False'
[2021-08-19 11:11:44Z INFO PromptManager] ReadValue
[2021-08-19 11:11:44Z INFO Terminal] WRITE: Enter the name of the runner group to add this runner to: 
[2021-08-19 11:11:44Z INFO Terminal] WRITE: [press Enter for Default] 
[2021-08-19 11:11:44Z INFO Terminal] READ LINE
[2021-08-19 11:11:48Z INFO Terminal] Read value: ''
[2021-08-19 11:11:48Z INFO PromptManager] Falling back to the default: 'Default'
[2021-08-19 11:11:48Z INFO Terminal] WRITE LINE: 
[2021-08-19 11:11:48Z INFO ConfigurationManager] Found a self-hosted runner group with id 1 and name Default
[2021-08-19 11:11:48Z INFO CommandSettings] Arg 'name': ''
[2021-08-19 11:11:48Z INFO CommandSettings] Flag 'unattended': 'False'
[2021-08-19 11:11:48Z INFO PromptManager] ReadValue
[2021-08-19 11:11:48Z INFO Terminal] WRITE: Enter the name of runner: 
[2021-08-19 11:11:48Z INFO Terminal] WRITE: [press Enter for devopsacademy-instance81] 
[2021-08-19 11:11:48Z INFO Terminal] READ LINE
[2021-08-19 11:11:49Z INFO Terminal] Read value: ''
[2021-08-19 11:11:49Z INFO PromptManager] Falling back to the default: 'devopsacademy-instance81'
[2021-08-19 11:11:49Z INFO Terminal] WRITE LINE: 
[2021-08-19 11:11:49Z INFO CommandSettings] Arg 'labels': ''
[2021-08-19 11:11:49Z INFO CommandSettings] Flag 'unattended': 'False'
[2021-08-19 11:11:49Z INFO PromptManager] ReadValue
[2021-08-19 11:11:49Z INFO Terminal] WRITE: This runner will have the following labels: 'self-hosted', 'Linux', 'X64' 
Enter any additional labels (ex. label-1,label-2): 
[2021-08-19 11:11:49Z INFO Terminal] WRITE: [press Enter to skip] 
[2021-08-19 11:11:49Z INFO Terminal] READ LINE
[2021-08-19 11:11:50Z INFO Terminal] Read value: ''
[2021-08-19 11:11:50Z INFO Terminal] WRITE LINE: 
[2021-08-19 11:11:50Z INFO ConfigurationStore] Saving OAuth credential @ /home/ubuntu/simple-fortune-cookie/actions-runner/.credentials
[2021-08-19 11:11:50Z INFO ConfigurationStore] Credentials Saved.
[2021-08-19 11:11:50Z INFO ConfigurationStore] HasCredentials()
[2021-08-19 11:11:50Z INFO ConfigurationStore] stored True
[2021-08-19 11:11:50Z INFO CredentialManager] GetCredentialProvider
[2021-08-19 11:11:50Z INFO CredentialManager] Creating type OAuth
[2021-08-19 11:11:50Z INFO CredentialManager] Creating credential type: OAuth
[2021-08-19 11:11:50Z INFO RSAFileKeyManager] Loading RSA key parameters from file /home/ubuntu/simple-fortune-cookie/actions-runner/.credentials_rsaparams
[2021-08-19 11:11:50Z INFO RunnerServer] Establish connection with 100 seconds timeout.
[2021-08-19 11:11:50Z INFO GitHubActionsService] Starting operation Location.GetConnectionData
[2021-08-19 11:11:50Z INFO RunnerServer] Establish connection with 60 seconds timeout.
[2021-08-19 11:11:50Z INFO GitHubActionsService] Starting operation Location.GetConnectionData
[2021-08-19 11:11:50Z INFO RunnerServer] Establish connection with 60 seconds timeout.
[2021-08-19 11:11:50Z INFO GitHubActionsService] Starting operation Location.GetConnectionData
[2021-08-19 11:11:50Z INFO GitHubActionsService] Finished operation Location.GetConnectionData
[2021-08-19 11:11:50Z INFO GitHubActionsService] Finished operation Location.GetConnectionData
[2021-08-19 11:11:51Z INFO GitHubActionsService] Finished operation Location.GetConnectionData
[2021-08-19 11:11:51Z WARN GitHubActionsService] Authentication failed with status code 401.
WWW-Authenticate: Bearer
Strict-Transport-Security: max-age=2592000
X-TFS-ProcessId: 1185d680-7a06-4219-9de2-b427fa3f15d7
ActivityId: 1de330e3-c807-4f3f-95a3-892fae1f715e
X-TFS-Session: db2746be-1e57-4a78-a82f-c31255c183e9
X-VSS-E2EID: 6ae42581-7ec6-4ce4-8c88-79aa99fcf61b
X-VSS-SenderDeploymentId: 1139089e-89fd-ce7a-6851-1ac6328a300e
X-TFS-ServiceError: The+user+%27System%3aPublicAccess%3baaaaaaaa-aaaa-aaaa-aaaa-aaaaaaaaaaaa%27+is+not+authorized+to+access+this+resource.
X-VSS-S2STargetService: 0000005A-0000-8888-8000-000000000000/visualstudio.com
X-Cache: CONFIG_NOCACHE
X-MSEdge-Ref: Ref A: 8B8068B951D24E0884B5FEFBDBAED139 Ref B: LON04EDGE1019 Ref C: 2021-08-19T11:11:51Z
Date: Thu, 19 Aug 2021 11:11:50 GMT

[2021-08-19 11:11:51Z INFO RSAFileKeyManager] Loading RSA key parameters from file /home/ubuntu/simple-fortune-cookie/actions-runner/.credentials_rsaparams
[2021-08-19 11:11:51Z INFO RSAFileKeyManager] Loading RSA key parameters from file /home/ubuntu/simple-fortune-cookie/actions-runner/.credentials_rsaparams
[2021-08-19 11:11:51Z INFO GitHubActionsService] AAD Correlation ID for this token request: Unknown
[2021-08-19 11:11:51Z INFO CommandSettings] Arg 'work': ''
[2021-08-19 11:11:51Z INFO CommandSettings] Flag 'unattended': 'False'
[2021-08-19 11:11:51Z INFO PromptManager] ReadValue
[2021-08-19 11:11:51Z INFO Terminal] WRITE: Enter name of work folder: 
[2021-08-19 11:11:51Z INFO Terminal] WRITE: [press Enter for _work] 
[2021-08-19 11:11:51Z INFO Terminal] READ LINE
[2021-08-19 11:11:54Z INFO Terminal] Read value: ''
[2021-08-19 11:11:54Z INFO PromptManager] Falling back to the default: '_work'
[2021-08-19 11:11:54Z INFO ConfigurationStore] Saving runner settings.
[2021-08-19 11:11:54Z INFO ConfigurationStore] Settings Saved.
[2021-08-19 11:11:54Z INFO Terminal] WRITE LINE: 
[2021-08-19 11:11:54Z INFO Terminal] WRITE LINE: 
[2021-08-19 11:11:54Z INFO SystemDControlManager] Service name 'actions.runner.TurtlePriest-simple-fortune-cookie.devopsacademy-instance.service' display name 'GitHub Actions Runner (TurtlePriest-simple-fortune-cookie.devopsacademy-instance81)' will be used for service configuration.
[2021-08-19 11:11:54Z INFO HostContext] Well known directory 'Bin': '/home/ubuntu/simple-fortune-cookie/actions-runner/bin'
[2021-08-19 11:11:54Z INFO HostContext] Well known directory 'Root': '/home/ubuntu/simple-fortune-cookie/actions-runner'
[2021-08-19 11:11:54Z INFO HostContext] Well known directory 'Bin': '/home/ubuntu/simple-fortune-cookie/actions-runner/bin'
[2021-08-19 11:11:54Z INFO HostContext] Well known directory 'Bin': '/home/ubuntu/simple-fortune-cookie/actions-runner/bin'
[2021-08-19 11:11:54Z INFO HostContext] Well known directory 'Root': '/home/ubuntu/simple-fortune-cookie/actions-runner'
[2021-08-19 11:11:54Z INFO UnixUtil] Which: 'chmod'
[2021-08-19 11:11:54Z INFO UnixUtil] Location: '/usr/bin/chmod'
[2021-08-19 11:11:54Z INFO UnixUtil] Running /usr/bin/chmod 755 "/home/ubuntu/simple-fortune-cookie/actions-runner/svc.sh"
[2021-08-19 11:11:54Z INFO ProcessInvokerWrapper] Starting process:
[2021-08-19 11:11:54Z INFO ProcessInvokerWrapper]   File name: '/usr/bin/chmod'
[2021-08-19 11:11:54Z INFO ProcessInvokerWrapper]   Arguments: '755 "/home/ubuntu/simple-fortune-cookie/actions-runner/svc.sh"'
[2021-08-19 11:11:54Z INFO ProcessInvokerWrapper]   Working directory: '/home/ubuntu/simple-fortune-cookie/actions-runner'
[2021-08-19 11:11:54Z INFO ProcessInvokerWrapper]   Require exit code zero: 'True'
[2021-08-19 11:11:54Z INFO ProcessInvokerWrapper]   Encoding web name:  ; code page: ''
[2021-08-19 11:11:54Z INFO ProcessInvokerWrapper]   Force kill process on cancellation: 'False'
[2021-08-19 11:11:54Z INFO ProcessInvokerWrapper]   Redirected STDIN: 'False'
[2021-08-19 11:11:54Z INFO ProcessInvokerWrapper]   Persist current code page: 'False'
[2021-08-19 11:11:54Z INFO ProcessInvokerWrapper]   Keep redirected STDIN open: 'False'
[2021-08-19 11:11:54Z INFO ProcessInvokerWrapper]   High priority process: 'False'
[2021-08-19 11:11:54Z INFO ProcessInvokerWrapper] Updated oom_score_adj to 500 for PID: 113201.
[2021-08-19 11:11:54Z INFO ProcessInvokerWrapper] Process started with process id 113201, waiting for process exit.
[2021-08-19 11:11:54Z INFO ProcessInvokerWrapper] STDOUT/STDERR stream read finished.
[2021-08-19 11:11:54Z INFO ProcessInvokerWrapper] STDOUT/STDERR stream read finished.
[2021-08-19 11:11:54Z INFO ProcessInvokerWrapper] Finished process 113201 with exit code 0, and elapsed time 00:00:00.0016481.
[2021-08-19 11:11:54Z INFO Listener] Runner execution has finished with return code 0
